<?xml version="1.0" encoding="UTF-8"?>
<testsuite xmlns:xsi="http://www.w3.org/2001/XMLSchema-instance" xsi:noNamespaceSchemaLocation="https://maven.apache.org/surefire/maven-surefire-plugin/xsd/surefire-test-report-3.0.xsd" version="3.0" name="Runners.TestRunner" time="80.73" tests="5" errors="0" skipped="0" failures="0">
  <properties>
    <property name="gopherProxySet" value="false"/>
    <property name="awt.toolkit" value="sun.lwawt.macosx.LWCToolkit"/>
    <property name="file.encoding.pkg" value="sun.io"/>
    <property name="java.specification.version" value="1.8"/>
    <property name="sun.cpu.isalist" value=""/>
    <property name="sun.jnu.encoding" value="UTF-8"/>
    <property name="java.class.path" value="/Users/baitharu/eclipse-workspace/CucumberJava/target/test-classes:/Users/baitharu/eclipse-workspace/CucumberJava/target/classes:/Users/baitharu/.m2/repository/org/apache/maven/plugins/maven-surefire-plugin/3.0.0-M7/maven-surefire-plugin-3.0.0-M7.jar:/Users/baitharu/.m2/repository/org/apache/maven/surefire/maven-surefire-common/3.0.0-M7/maven-surefire-common-3.0.0-M7.jar:/Users/baitharu/.m2/repository/org/apache/maven/surefire/surefire-api/3.0.0-M7/surefire-api-3.0.0-M7.jar:/Users/baitharu/.m2/repository/org/apache/maven/surefire/surefire-logger-api/3.0.0-M7/surefire-logger-api-3.0.0-M7.jar:/Users/baitharu/.m2/repository/org/apache/maven/surefire/surefire-extensions-api/3.0.0-M7/surefire-extensions-api-3.0.0-M7.jar:/Users/baitharu/.m2/repository/org/apache/maven/surefire/surefire-booter/3.0.0-M7/surefire-booter-3.0.0-M7.jar:/Users/baitharu/.m2/repository/org/apache/maven/surefire/surefire-extensions-spi/3.0.0-M7/surefire-extensions-spi-3.0.0-M7.jar:/Users/baitharu/.m2/repository/org/apache/maven/shared/maven-common-artifact-filters/3.1.1/maven-common-artifact-filters-3.1.1.jar:/Users/baitharu/.m2/repository/org/apache/maven/maven-artifact/3.1.0/maven-artifact-3.1.0.jar:/Users/baitharu/.m2/repository/org/codehaus/plexus/plexus-utils/3.0.10/plexus-utils-3.0.10.jar:/Users/baitharu/.m2/repository/org/apache/maven/maven-core/3.1.0/maven-core-3.1.0.jar:/Users/baitharu/.m2/repository/org/apache/maven/maven-settings/3.1.0/maven-settings-3.1.0.jar:/Users/baitharu/.m2/repository/org/apache/maven/maven-settings-builder/3.1.0/maven-settings-builder-3.1.0.jar:/Users/baitharu/.m2/repository/org/apache/maven/maven-repository-metadata/3.1.0/maven-repository-metadata-3.1.0.jar:/Users/baitharu/.m2/repository/org/apache/maven/maven-model-builder/3.1.0/maven-model-builder-3.1.0.jar:/Users/baitharu/.m2/repository/org/apache/maven/maven-aether-provider/3.1.0/maven-aether-provider-3.1.0.jar:/Users/baitharu/.m2/repository/org/eclipse/aether/aether-spi/0.9.0.M2/aether-spi-0.9.0.M2.jar:/Users/baitharu/.m2/repository/org/eclipse/aether/aether-impl/0.9.0.M2/aether-impl-0.9.0.M2.jar:/Users/baitharu/.m2/repository/org/eclipse/aether/aether-api/0.9.0.M2/aether-api-0.9.0.M2.jar:/Users/baitharu/.m2/repository/org/eclipse/aether/aether-util/0.9.0.M2/aether-util-0.9.0.M2.jar:/Users/baitharu/.m2/repository/org/eclipse/sisu/org.eclipse.sisu.plexus/0.0.0.M2a/org.eclipse.sisu.plexus-0.0.0.M2a.jar:/Users/baitharu/.m2/repository/javax/enterprise/cdi-api/1.0/cdi-api-1.0.jar:/Users/baitharu/.m2/repository/javax/annotation/jsr250-api/1.0/jsr250-api-1.0.jar:/Users/baitharu/.m2/repository/javax/inject/javax.inject/1/javax.inject-1.jar:/Users/baitharu/.m2/repository/org/sonatype/sisu/sisu-guice/3.1.0/sisu-guice-3.1.0-no_aop.jar:/Users/baitharu/.m2/repository/aopalliance/aopalliance/1.0/aopalliance-1.0.jar:/Users/baitharu/.m2/repository/org/eclipse/sisu/org.eclipse.sisu.inject/0.0.0.M2a/org.eclipse.sisu.inject-0.0.0.M2a.jar:/Users/baitharu/.m2/repository/asm/asm/3.3.1/asm-3.3.1.jar:/Users/baitharu/.m2/repository/org/codehaus/plexus/plexus-interpolation/1.16/plexus-interpolation-1.16.jar:/Users/baitharu/.m2/repository/org/codehaus/plexus/plexus-classworlds/2.4.2/plexus-classworlds-2.4.2.jar:/Users/baitharu/.m2/repository/org/codehaus/plexus/plexus-component-annotations/1.5.5/plexus-component-annotations-1.5.5.jar:/Users/baitharu/.m2/repository/org/sonatype/plexus/plexus-sec-dispatcher/1.3/plexus-sec-dispatcher-1.3.jar:/Users/baitharu/.m2/repository/org/sonatype/plexus/plexus-cipher/1.4/plexus-cipher-1.4.jar:/Users/baitharu/.m2/repository/org/apache/maven/maven-plugin-api/3.1.0/maven-plugin-api-3.1.0.jar:/Users/baitharu/.m2/repository/commons-io/commons-io/2.6/commons-io-2.6.jar:/Users/baitharu/.m2/repository/org/codehaus/plexus/plexus-java/1.1.1/plexus-java-1.1.1.jar:/Users/baitharu/.m2/repository/org/ow2/asm/asm/9.2/asm-9.2.jar:/Users/baitharu/.m2/repository/com/thoughtworks/qdox/qdox/2.0.1/qdox-2.0.1.jar:/Users/baitharu/.m2/repository/org/apache/maven/surefire/surefire-shared-utils/3.0.0-M7/surefire-shared-utils-3.0.0-M7.jar:/Users/baitharu/.m2/repository/io/cucumber/cucumber-java/7.4.1/cucumber-java-7.4.1.jar:/Users/baitharu/.m2/repository/io/cucumber/cucumber-core/7.4.1/cucumber-core-7.4.1.jar:/Users/baitharu/.m2/repository/io/cucumber/cucumber-gherkin/7.4.1/cucumber-gherkin-7.4.1.jar:/Users/baitharu/.m2/repository/io/cucumber/cucumber-gherkin-messages/7.4.1/cucumber-gherkin-messages-7.4.1.jar:/Users/baitharu/.m2/repository/io/cucumber/gherkin/23.0.1/gherkin-23.0.1.jar:/Users/baitharu/.m2/repository/io/cucumber/messages/18.0.0/messages-18.0.0.jar:/Users/baitharu/.m2/repository/io/cucumber/tag-expressions/4.1.0/tag-expressions-4.1.0.jar:/Users/baitharu/.m2/repository/io/cucumber/cucumber-expressions/16.0.0/cucumber-expressions-16.0.0.jar:/Users/baitharu/.m2/repository/io/cucumber/datatable/7.4.1/datatable-7.4.1.jar:/Users/baitharu/.m2/repository/io/cucumber/cucumber-plugin/7.4.1/cucumber-plugin-7.4.1.jar:/Users/baitharu/.m2/repository/io/cucumber/docstring/7.4.1/docstring-7.4.1.jar:/Users/baitharu/.m2/repository/io/cucumber/html-formatter/19.2.0/html-formatter-19.2.0.jar:/Users/baitharu/.m2/repository/io/cucumber/ci-environment/9.0.4/ci-environment-9.0.4.jar:/Users/baitharu/.m2/repository/org/apiguardian/apiguardian-api/1.1.2/apiguardian-api-1.1.2.jar:/Users/baitharu/.m2/repository/io/cucumber/cucumber-junit/7.4.1/cucumber-junit-7.4.1.jar:/Users/baitharu/.m2/repository/junit/junit/4.13.2/junit-4.13.2.jar:/Users/baitharu/.m2/repository/org/hamcrest/hamcrest-core/1.3/hamcrest-core-1.3.jar:/Users/baitharu/.m2/repository/org/seleniumhq/selenium/selenium-java/4.3.0/selenium-java-4.3.0.jar:/Users/baitharu/.m2/repository/org/seleniumhq/selenium/selenium-api/4.3.0/selenium-api-4.3.0.jar:/Users/baitharu/.m2/repository/org/seleniumhq/selenium/selenium-chrome-driver/4.3.0/selenium-chrome-driver-4.3.0.jar:/Users/baitharu/.m2/repository/com/google/auto/service/auto-service-annotations/1.0.1/auto-service-annotations-1.0.1.jar:/Users/baitharu/.m2/repository/com/google/auto/service/auto-service/1.0.1/auto-service-1.0.1.jar:/Users/baitharu/.m2/repository/com/google/auto/auto-common/1.2/auto-common-1.2.jar:/Users/baitharu/.m2/repository/com/google/guava/guava/31.1-jre/guava-31.1-jre.jar:/Users/baitharu/.m2/repository/com/google/guava/failureaccess/1.0.1/failureaccess-1.0.1.jar:/Users/baitharu/.m2/repository/com/google/guava/listenablefuture/9999.0-empty-to-avoid-conflict-with-guava/listenablefuture-9999.0-empty-to-avoid-conflict-with-guava.jar:/Users/baitharu/.m2/repository/com/google/code/findbugs/jsr305/3.0.2/jsr305-3.0.2.jar:/Users/baitharu/.m2/repository/org/checkerframework/checker-qual/3.12.0/checker-qual-3.12.0.jar:/Users/baitharu/.m2/repository/com/google/errorprone/error_prone_annotations/2.11.0/error_prone_annotations-2.11.0.jar:/Users/baitharu/.m2/repository/com/google/j2objc/j2objc-annotations/1.3/j2objc-annotations-1.3.jar:/Users/baitharu/.m2/repository/org/seleniumhq/selenium/selenium-chromium-driver/4.3.0/selenium-chromium-driver-4.3.0.jar:/Users/baitharu/.m2/repository/org/seleniumhq/selenium/selenium-json/4.3.0/selenium-json-4.3.0.jar:/Users/baitharu/.m2/repository/org/seleniumhq/selenium/selenium-devtools-v101/4.3.0/selenium-devtools-v101-4.3.0.jar:/Users/baitharu/.m2/repository/org/seleniumhq/selenium/selenium-devtools-v102/4.3.0/selenium-devtools-v102-4.3.0.jar:/Users/baitharu/.m2/repository/org/seleniumhq/selenium/selenium-devtools-v103/4.3.0/selenium-devtools-v103-4.3.0.jar:/Users/baitharu/.m2/repository/org/seleniumhq/selenium/selenium-devtools-v85/4.3.0/selenium-devtools-v85-4.3.0.jar:/Users/baitharu/.m2/repository/org/seleniumhq/selenium/selenium-edge-driver/4.3.0/selenium-edge-driver-4.3.0.jar:/Users/baitharu/.m2/repository/org/seleniumhq/selenium/selenium-firefox-driver/4.3.0/selenium-firefox-driver-4.3.0.jar:/Users/baitharu/.m2/repository/org/seleniumhq/selenium/selenium-ie-driver/4.3.0/selenium-ie-driver-4.3.0.jar:/Users/baitharu/.m2/repository/org/seleniumhq/selenium/selenium-opera-driver/4.3.0/selenium-opera-driver-4.3.0.jar:/Users/baitharu/.m2/repository/org/seleniumhq/selenium/selenium-remote-driver/4.3.0/selenium-remote-driver-4.3.0.jar:/Users/baitharu/.m2/repository/com/beust/jcommander/1.82/jcommander-1.82.jar:/Users/baitharu/.m2/repository/io/netty/netty-buffer/4.1.78.Final/netty-buffer-4.1.78.Final.jar:/Users/baitharu/.m2/repository/io/netty/netty-codec-http/4.1.78.Final/netty-codec-http-4.1.78.Final.jar:/Users/baitharu/.m2/repository/io/netty/netty-codec/4.1.78.Final/netty-codec-4.1.78.Final.jar:/Users/baitharu/.m2/repository/io/netty/netty-handler/4.1.78.Final/netty-handler-4.1.78.Final.jar:/Users/baitharu/.m2/repository/io/netty/netty-common/4.1.78.Final/netty-common-4.1.78.Final.jar:/Users/baitharu/.m2/repository/io/netty/netty-transport-classes-epoll/4.1.78.Final/netty-transport-classes-epoll-4.1.78.Final.jar:/Users/baitharu/.m2/repository/io/netty/netty-transport-classes-kqueue/4.1.78.Final/netty-transport-classes-kqueue-4.1.78.Final.jar:/Users/baitharu/.m2/repository/io/netty/netty-transport-native-epoll/4.1.78.Final/netty-transport-native-epoll-4.1.78.Final.jar:/Users/baitharu/.m2/repository/io/netty/netty-transport-native-kqueue/4.1.78.Final/netty-transport-native-kqueue-4.1.78.Final.jar:/Users/baitharu/.m2/repository/io/netty/netty-transport-native-unix-common/4.1.78.Final/netty-transport-native-unix-common-4.1.78.Final.jar:/Users/baitharu/.m2/repository/io/netty/netty-transport/4.1.78.Final/netty-transport-4.1.78.Final.jar:/Users/baitharu/.m2/repository/io/netty/netty-resolver/4.1.78.Final/netty-resolver-4.1.78.Final.jar:/Users/baitharu/.m2/repository/io/opentelemetry/opentelemetry-api/1.15.0/opentelemetry-api-1.15.0.jar:/Users/baitharu/.m2/repository/io/opentelemetry/opentelemetry-context/1.15.0/opentelemetry-context-1.15.0.jar:/Users/baitharu/.m2/repository/io/opentelemetry/opentelemetry-exporter-logging/1.15.0/opentelemetry-exporter-logging-1.15.0.jar:/Users/baitharu/.m2/repository/io/opentelemetry/opentelemetry-sdk-metrics/1.15.0/opentelemetry-sdk-metrics-1.15.0.jar:/Users/baitharu/.m2/repository/io/opentelemetry/opentelemetry-sdk-logs/1.15.0-alpha/opentelemetry-sdk-logs-1.15.0-alpha.jar:/Users/baitharu/.m2/repository/io/opentelemetry/opentelemetry-sdk-common/1.15.0/opentelemetry-sdk-common-1.15.0.jar:/Users/baitharu/.m2/repository/io/opentelemetry/opentelemetry-sdk-extension-autoconfigure-spi/1.15.0/opentelemetry-sdk-extension-autoconfigure-spi-1.15.0.jar:/Users/baitharu/.m2/repository/io/opentelemetry/opentelemetry-sdk-extension-autoconfigure/1.15.0-alpha/opentelemetry-sdk-extension-autoconfigure-1.15.0-alpha.jar:/Users/baitharu/.m2/repository/io/opentelemetry/opentelemetry-sdk-trace/1.15.0/opentelemetry-sdk-trace-1.15.0.jar:/Users/baitharu/.m2/repository/io/opentelemetry/opentelemetry-sdk/1.15.0/opentelemetry-sdk-1.15.0.jar:/Users/baitharu/.m2/repository/io/opentelemetry/opentelemetry-semconv/1.15.0-alpha/opentelemetry-semconv-1.15.0-alpha.jar:/Users/baitharu/.m2/repository/io/ous/jtoml/2.0.0/jtoml-2.0.0.jar:/Users/baitharu/.m2/repository/net/bytebuddy/byte-buddy/1.12.10/byte-buddy-1.12.10.jar:/Users/baitharu/.m2/repository/org/apache/commons/commons-exec/1.3/commons-exec-1.3.jar:/Users/baitharu/.m2/repository/org/asynchttpclient/async-http-client/2.12.3/async-http-client-2.12.3.jar:/Users/baitharu/.m2/repository/org/asynchttpclient/async-http-client-netty-utils/2.12.3/async-http-client-netty-utils-2.12.3.jar:/Users/baitharu/.m2/repository/io/netty/netty-codec-socks/4.1.60.Final/netty-codec-socks-4.1.60.Final.jar:/Users/baitharu/.m2/repository/io/netty/netty-handler-proxy/4.1.60.Final/netty-handler-proxy-4.1.60.Final.jar:/Users/baitharu/.m2/repository/io/netty/netty-transport-native-epoll/4.1.60.Final/netty-transport-native-epoll-4.1.60.Final-linux-x86_64.jar:/Users/baitharu/.m2/repository/io/netty/netty-transport-native-kqueue/4.1.60.Final/netty-transport-native-kqueue-4.1.60.Final-osx-x86_64.jar:/Users/baitharu/.m2/repository/com/typesafe/netty/netty-reactive-streams/2.0.4/netty-reactive-streams-2.0.4.jar:/Users/baitharu/.m2/repository/com/sun/activation/jakarta.activation/1.2.2/jakarta.activation-1.2.2.jar:/Users/baitharu/.m2/repository/org/seleniumhq/selenium/selenium-http/4.3.0/selenium-http-4.3.0.jar:/Users/baitharu/.m2/repository/dev/failsafe/failsafe/3.2.4/failsafe-3.2.4.jar:/Users/baitharu/.m2/repository/org/seleniumhq/selenium/selenium-safari-driver/4.3.0/selenium-safari-driver-4.3.0.jar:/Users/baitharu/.m2/repository/org/seleniumhq/selenium/selenium-support/4.3.0/selenium-support-4.3.0.jar:/Users/baitharu/.m2/repository/io/github/bonigarcia/webdrivermanager/5.2.1/webdrivermanager-5.2.1.jar:/Users/baitharu/.m2/repository/org/slf4j/slf4j-api/1.7.36/slf4j-api-1.7.36.jar:/Users/baitharu/.m2/repository/com/google/code/gson/gson/2.9.0/gson-2.9.0.jar:/Users/baitharu/.m2/repository/com/github/docker-java/docker-java/3.2.13/docker-java-3.2.13.jar:/Users/baitharu/.m2/repository/com/github/docker-java/docker-java-core/3.2.13/docker-java-core-3.2.13.jar:/Users/baitharu/.m2/repository/com/github/docker-java/docker-java-api/3.2.13/docker-java-api-3.2.13.jar:/Users/baitharu/.m2/repository/com/fasterxml/jackson/core/jackson-annotations/2.10.3/jackson-annotations-2.10.3.jar:/Users/baitharu/.m2/repository/org/apache/commons/commons-compress/1.21/commons-compress-1.21.jar:/Users/baitharu/.m2/repository/com/fasterxml/jackson/core/jackson-databind/2.10.3/jackson-databind-2.10.3.jar:/Users/baitharu/.m2/repository/com/fasterxml/jackson/core/jackson-core/2.10.3/jackson-core-2.10.3.jar:/Users/baitharu/.m2/repository/org/bouncycastle/bcpkix-jdk15on/1.64/bcpkix-jdk15on-1.64.jar:/Users/baitharu/.m2/repository/org/bouncycastle/bcprov-jdk15on/1.64/bcprov-jdk15on-1.64.jar:/Users/baitharu/.m2/repository/org/slf4j/jcl-over-slf4j/1.7.30/jcl-over-slf4j-1.7.30.jar:/Users/baitharu/.m2/repository/com/github/docker-java/docker-java-transport-httpclient5/3.2.13/docker-java-transport-httpclient5-3.2.13.jar:/Users/baitharu/.m2/repository/com/github/docker-java/docker-java-transport/3.2.13/docker-java-transport-3.2.13.jar:/Users/baitharu/.m2/repository/net/java/dev/jna/jna/5.8.0/jna-5.8.0.jar:/Users/baitharu/.m2/repository/org/brotli/dec/0.1.2/dec-0.1.2.jar:/Users/baitharu/.m2/repository/org/apache/commons/commons-lang3/3.12.0/commons-lang3-3.12.0.jar:/Users/baitharu/.m2/repository/org/apache/httpcomponents/client5/httpclient5/5.1.3/httpclient5-5.1.3.jar:/Users/baitharu/.m2/repository/org/apache/httpcomponents/core5/httpcore5/5.1.3/httpcore5-5.1.3.jar:/Users/baitharu/.m2/repository/org/apache/httpcomponents/core5/httpcore5-h2/5.1.3/httpcore5-h2-5.1.3.jar:/Users/baitharu/.m2/repository/commons-codec/commons-codec/1.15/commons-codec-1.15.jar:/Users/baitharu/.m2/repository/org/apache/logging/log4j/log4j-api/2.18.0/log4j-api-2.18.0.jar:/Users/baitharu/.m2/repository/org/apache/logging/log4j/log4j-core/2.18.0/log4j-core-2.18.0.jar:/Users/baitharu/.m2/repository/com/aventstack/extentreports/5.0.9/extentreports-5.0.9.jar:/Users/baitharu/.m2/repository/io/reactivex/rxjava3/rxjava/3.0.4/rxjava-3.0.4.jar:/Users/baitharu/.m2/repository/org/reactivestreams/reactive-streams/1.0.3/reactive-streams-1.0.3.jar:/Users/baitharu/.m2/repository/org/freemarker/freemarker/2.3.30/freemarker-2.3.30.jar:/Users/baitharu/.m2/repository/org/projectlombok/lombok/1.18.12/lombok-1.18.12.jar:/Users/baitharu/.m2/repository/tech/grasshopper/extentreports-cucumber7-adapter/1.7.0/extentreports-cucumber7-adapter-1.7.0.jar:/Users/baitharu/.m2/repository/tech/grasshopper/extent-pdf-report/2.7.0/extent-pdf-report-2.7.0.jar:/Users/baitharu/.m2/repository/tech/grasshopper/cucumber-pdf-report/2.10.0/cucumber-pdf-report-2.10.0.jar:/Users/baitharu/.m2/repository/org/apache/pdfbox/pdfbox/2.0.26/pdfbox-2.0.26.jar:/Users/baitharu/.m2/repository/org/apache/pdfbox/fontbox/2.0.26/fontbox-2.0.26.jar:/Users/baitharu/.m2/repository/org/knowm/xchart/xchart/3.8.0/xchart-3.8.0.jar:/Users/baitharu/.m2/repository/de/erichseifert/vectorgraphics2d/VectorGraphics2D/0.13/VectorGraphics2D-0.13.jar:/Users/baitharu/.m2/repository/de/rototor/pdfbox/graphics2d/0.30/graphics2d-0.30.jar:/Users/baitharu/.m2/repository/com/madgag/animated-gif-lib/1.4/animated-gif-lib-1.4.jar:/Users/baitharu/.m2/repository/org/yaml/snakeyaml/1.28/snakeyaml-1.28.jar:/Users/baitharu/.m2/repository/tech/grasshopper/table-layout/1.5.1/table-layout-1.5.1.jar:/Users/baitharu/.m2/repository/tech/grasshopper/rest-assured-cucumber-pdf-report/1.4.1/rest-assured-cucumber-pdf-report-1.4.1.jar:/Users/baitharu/.m2/repository/org/jsoup/jsoup/1.14.3/jsoup-1.14.3.jar:/Users/baitharu/.m2/repository/com/aventstack/klov-reporter/5.0.9/klov-reporter-5.0.9.jar:/Users/baitharu/.m2/repository/org/mongodb/mongodb-driver/3.6.4/mongodb-driver-3.6.4.jar:/Users/baitharu/.m2/repository/org/mongodb/mongodb-driver-core/3.6.4/mongodb-driver-core-3.6.4.jar:/Users/baitharu/.m2/repository/org/mongodb/bson/3.6.4/bson-3.6.4.jar:/Users/baitharu/.m2/repository/org/apache/httpcomponents/httpclient/4.5.13/httpclient-4.5.13.jar:/Users/baitharu/.m2/repository/org/apache/httpcomponents/httpcore/4.4.13/httpcore-4.4.13.jar:/Users/baitharu/.m2/repository/commons-logging/commons-logging/1.2/commons-logging-1.2.jar:/Users/baitharu/.m2/repository/org/apache/httpcomponents/httpmime/4.5.13/httpmime-4.5.13.jar:/Users/baitharu/.m2/repository/tech/grasshopper/htmlextentreporter/1.0.1/htmlextentreporter-1.0.1.jar:"/>
    <property name="java.vm.vendor" value="Oracle Corporation"/>
    <property name="sun.arch.data.model" value="64"/>
    <property name="java.vendor.url" value="http://java.oracle.com/"/>
    <property name="user.timezone" value=""/>
    <property name="java.vm.specification.version" value="1.8"/>
    <property name="os.name" value="Mac OS X"/>
    <property name="user.country" value="IN"/>
    <property name="sun.java.launcher" value="SUN_STANDARD"/>
    <property name="sun.boot.library.path" value="/Library/Internet Plug-Ins/JavaAppletPlugin.plugin/Contents/Home/lib"/>
    <property name="sun.java.command" value="/Users/baitharu/eclipse-workspace/CucumberJava/target/surefire/surefirebooter-20220730005747680_3.jar /Users/baitharu/eclipse-workspace/CucumberJava/target/surefire 2022-07-30T00-57-47_415-jvmRun1 surefire-20220730005747680_1tmp surefire_0-20220730005747680_2tmp"/>
    <property name="http.nonProxyHosts" value="local|*.local|169.254/16|*.169.254/16"/>
    <property name="surefire.test.class.path" value="/Users/baitharu/eclipse-workspace/CucumberJava/target/test-classes:/Users/baitharu/eclipse-workspace/CucumberJava/target/classes:/Users/baitharu/.m2/repository/org/apache/maven/plugins/maven-surefire-plugin/3.0.0-M7/maven-surefire-plugin-3.0.0-M7.jar:/Users/baitharu/.m2/repository/org/apache/maven/surefire/maven-surefire-common/3.0.0-M7/maven-surefire-common-3.0.0-M7.jar:/Users/baitharu/.m2/repository/org/apache/maven/surefire/surefire-api/3.0.0-M7/surefire-api-3.0.0-M7.jar:/Users/baitharu/.m2/repository/org/apache/maven/surefire/surefire-logger-api/3.0.0-M7/surefire-logger-api-3.0.0-M7.jar:/Users/baitharu/.m2/repository/org/apache/maven/surefire/surefire-extensions-api/3.0.0-M7/surefire-extensions-api-3.0.0-M7.jar:/Users/baitharu/.m2/repository/org/apache/maven/surefire/surefire-booter/3.0.0-M7/surefire-booter-3.0.0-M7.jar:/Users/baitharu/.m2/repository/org/apache/maven/surefire/surefire-extensions-spi/3.0.0-M7/surefire-extensions-spi-3.0.0-M7.jar:/Users/baitharu/.m2/repository/org/apache/maven/shared/maven-common-artifact-filters/3.1.1/maven-common-artifact-filters-3.1.1.jar:/Users/baitharu/.m2/repository/org/apache/maven/maven-artifact/3.1.0/maven-artifact-3.1.0.jar:/Users/baitharu/.m2/repository/org/codehaus/plexus/plexus-utils/3.0.10/plexus-utils-3.0.10.jar:/Users/baitharu/.m2/repository/org/apache/maven/maven-core/3.1.0/maven-core-3.1.0.jar:/Users/baitharu/.m2/repository/org/apache/maven/maven-settings/3.1.0/maven-settings-3.1.0.jar:/Users/baitharu/.m2/repository/org/apache/maven/maven-settings-builder/3.1.0/maven-settings-builder-3.1.0.jar:/Users/baitharu/.m2/repository/org/apache/maven/maven-repository-metadata/3.1.0/maven-repository-metadata-3.1.0.jar:/Users/baitharu/.m2/repository/org/apache/maven/maven-model-builder/3.1.0/maven-model-builder-3.1.0.jar:/Users/baitharu/.m2/repository/org/apache/maven/maven-aether-provider/3.1.0/maven-aether-provider-3.1.0.jar:/Users/baitharu/.m2/repository/org/eclipse/aether/aether-spi/0.9.0.M2/aether-spi-0.9.0.M2.jar:/Users/baitharu/.m2/repository/org/eclipse/aether/aether-impl/0.9.0.M2/aether-impl-0.9.0.M2.jar:/Users/baitharu/.m2/repository/org/eclipse/aether/aether-api/0.9.0.M2/aether-api-0.9.0.M2.jar:/Users/baitharu/.m2/repository/org/eclipse/aether/aether-util/0.9.0.M2/aether-util-0.9.0.M2.jar:/Users/baitharu/.m2/repository/org/eclipse/sisu/org.eclipse.sisu.plexus/0.0.0.M2a/org.eclipse.sisu.plexus-0.0.0.M2a.jar:/Users/baitharu/.m2/repository/javax/enterprise/cdi-api/1.0/cdi-api-1.0.jar:/Users/baitharu/.m2/repository/javax/annotation/jsr250-api/1.0/jsr250-api-1.0.jar:/Users/baitharu/.m2/repository/javax/inject/javax.inject/1/javax.inject-1.jar:/Users/baitharu/.m2/repository/org/sonatype/sisu/sisu-guice/3.1.0/sisu-guice-3.1.0-no_aop.jar:/Users/baitharu/.m2/repository/aopalliance/aopalliance/1.0/aopalliance-1.0.jar:/Users/baitharu/.m2/repository/org/eclipse/sisu/org.eclipse.sisu.inject/0.0.0.M2a/org.eclipse.sisu.inject-0.0.0.M2a.jar:/Users/baitharu/.m2/repository/asm/asm/3.3.1/asm-3.3.1.jar:/Users/baitharu/.m2/repository/org/codehaus/plexus/plexus-interpolation/1.16/plexus-interpolation-1.16.jar:/Users/baitharu/.m2/repository/org/codehaus/plexus/plexus-classworlds/2.4.2/plexus-classworlds-2.4.2.jar:/Users/baitharu/.m2/repository/org/codehaus/plexus/plexus-component-annotations/1.5.5/plexus-component-annotations-1.5.5.jar:/Users/baitharu/.m2/repository/org/sonatype/plexus/plexus-sec-dispatcher/1.3/plexus-sec-dispatcher-1.3.jar:/Users/baitharu/.m2/repository/org/sonatype/plexus/plexus-cipher/1.4/plexus-cipher-1.4.jar:/Users/baitharu/.m2/repository/org/apache/maven/maven-plugin-api/3.1.0/maven-plugin-api-3.1.0.jar:/Users/baitharu/.m2/repository/commons-io/commons-io/2.6/commons-io-2.6.jar:/Users/baitharu/.m2/repository/org/codehaus/plexus/plexus-java/1.1.1/plexus-java-1.1.1.jar:/Users/baitharu/.m2/repository/org/ow2/asm/asm/9.2/asm-9.2.jar:/Users/baitharu/.m2/repository/com/thoughtworks/qdox/qdox/2.0.1/qdox-2.0.1.jar:/Users/baitharu/.m2/repository/org/apache/maven/surefire/surefire-shared-utils/3.0.0-M7/surefire-shared-utils-3.0.0-M7.jar:/Users/baitharu/.m2/repository/io/cucumber/cucumber-java/7.4.1/cucumber-java-7.4.1.jar:/Users/baitharu/.m2/repository/io/cucumber/cucumber-core/7.4.1/cucumber-core-7.4.1.jar:/Users/baitharu/.m2/repository/io/cucumber/cucumber-gherkin/7.4.1/cucumber-gherkin-7.4.1.jar:/Users/baitharu/.m2/repository/io/cucumber/cucumber-gherkin-messages/7.4.1/cucumber-gherkin-messages-7.4.1.jar:/Users/baitharu/.m2/repository/io/cucumber/gherkin/23.0.1/gherkin-23.0.1.jar:/Users/baitharu/.m2/repository/io/cucumber/messages/18.0.0/messages-18.0.0.jar:/Users/baitharu/.m2/repository/io/cucumber/tag-expressions/4.1.0/tag-expressions-4.1.0.jar:/Users/baitharu/.m2/repository/io/cucumber/cucumber-expressions/16.0.0/cucumber-expressions-16.0.0.jar:/Users/baitharu/.m2/repository/io/cucumber/datatable/7.4.1/datatable-7.4.1.jar:/Users/baitharu/.m2/repository/io/cucumber/cucumber-plugin/7.4.1/cucumber-plugin-7.4.1.jar:/Users/baitharu/.m2/repository/io/cucumber/docstring/7.4.1/docstring-7.4.1.jar:/Users/baitharu/.m2/repository/io/cucumber/html-formatter/19.2.0/html-formatter-19.2.0.jar:/Users/baitharu/.m2/repository/io/cucumber/ci-environment/9.0.4/ci-environment-9.0.4.jar:/Users/baitharu/.m2/repository/org/apiguardian/apiguardian-api/1.1.2/apiguardian-api-1.1.2.jar:/Users/baitharu/.m2/repository/io/cucumber/cucumber-junit/7.4.1/cucumber-junit-7.4.1.jar:/Users/baitharu/.m2/repository/junit/junit/4.13.2/junit-4.13.2.jar:/Users/baitharu/.m2/repository/org/hamcrest/hamcrest-core/1.3/hamcrest-core-1.3.jar:/Users/baitharu/.m2/repository/org/seleniumhq/selenium/selenium-java/4.3.0/selenium-java-4.3.0.jar:/Users/baitharu/.m2/repository/org/seleniumhq/selenium/selenium-api/4.3.0/selenium-api-4.3.0.jar:/Users/baitharu/.m2/repository/org/seleniumhq/selenium/selenium-chrome-driver/4.3.0/selenium-chrome-driver-4.3.0.jar:/Users/baitharu/.m2/repository/com/google/auto/service/auto-service-annotations/1.0.1/auto-service-annotations-1.0.1.jar:/Users/baitharu/.m2/repository/com/google/auto/service/auto-service/1.0.1/auto-service-1.0.1.jar:/Users/baitharu/.m2/repository/com/google/auto/auto-common/1.2/auto-common-1.2.jar:/Users/baitharu/.m2/repository/com/google/guava/guava/31.1-jre/guava-31.1-jre.jar:/Users/baitharu/.m2/repository/com/google/guava/failureaccess/1.0.1/failureaccess-1.0.1.jar:/Users/baitharu/.m2/repository/com/google/guava/listenablefuture/9999.0-empty-to-avoid-conflict-with-guava/listenablefuture-9999.0-empty-to-avoid-conflict-with-guava.jar:/Users/baitharu/.m2/repository/com/google/code/findbugs/jsr305/3.0.2/jsr305-3.0.2.jar:/Users/baitharu/.m2/repository/org/checkerframework/checker-qual/3.12.0/checker-qual-3.12.0.jar:/Users/baitharu/.m2/repository/com/google/errorprone/error_prone_annotations/2.11.0/error_prone_annotations-2.11.0.jar:/Users/baitharu/.m2/repository/com/google/j2objc/j2objc-annotations/1.3/j2objc-annotations-1.3.jar:/Users/baitharu/.m2/repository/org/seleniumhq/selenium/selenium-chromium-driver/4.3.0/selenium-chromium-driver-4.3.0.jar:/Users/baitharu/.m2/repository/org/seleniumhq/selenium/selenium-json/4.3.0/selenium-json-4.3.0.jar:/Users/baitharu/.m2/repository/org/seleniumhq/selenium/selenium-devtools-v101/4.3.0/selenium-devtools-v101-4.3.0.jar:/Users/baitharu/.m2/repository/org/seleniumhq/selenium/selenium-devtools-v102/4.3.0/selenium-devtools-v102-4.3.0.jar:/Users/baitharu/.m2/repository/org/seleniumhq/selenium/selenium-devtools-v103/4.3.0/selenium-devtools-v103-4.3.0.jar:/Users/baitharu/.m2/repository/org/seleniumhq/selenium/selenium-devtools-v85/4.3.0/selenium-devtools-v85-4.3.0.jar:/Users/baitharu/.m2/repository/org/seleniumhq/selenium/selenium-edge-driver/4.3.0/selenium-edge-driver-4.3.0.jar:/Users/baitharu/.m2/repository/org/seleniumhq/selenium/selenium-firefox-driver/4.3.0/selenium-firefox-driver-4.3.0.jar:/Users/baitharu/.m2/repository/org/seleniumhq/selenium/selenium-ie-driver/4.3.0/selenium-ie-driver-4.3.0.jar:/Users/baitharu/.m2/repository/org/seleniumhq/selenium/selenium-opera-driver/4.3.0/selenium-opera-driver-4.3.0.jar:/Users/baitharu/.m2/repository/org/seleniumhq/selenium/selenium-remote-driver/4.3.0/selenium-remote-driver-4.3.0.jar:/Users/baitharu/.m2/repository/com/beust/jcommander/1.82/jcommander-1.82.jar:/Users/baitharu/.m2/repository/io/netty/netty-buffer/4.1.78.Final/netty-buffer-4.1.78.Final.jar:/Users/baitharu/.m2/repository/io/netty/netty-codec-http/4.1.78.Final/netty-codec-http-4.1.78.Final.jar:/Users/baitharu/.m2/repository/io/netty/netty-codec/4.1.78.Final/netty-codec-4.1.78.Final.jar:/Users/baitharu/.m2/repository/io/netty/netty-handler/4.1.78.Final/netty-handler-4.1.78.Final.jar:/Users/baitharu/.m2/repository/io/netty/netty-common/4.1.78.Final/netty-common-4.1.78.Final.jar:/Users/baitharu/.m2/repository/io/netty/netty-transport-classes-epoll/4.1.78.Final/netty-transport-classes-epoll-4.1.78.Final.jar:/Users/baitharu/.m2/repository/io/netty/netty-transport-classes-kqueue/4.1.78.Final/netty-transport-classes-kqueue-4.1.78.Final.jar:/Users/baitharu/.m2/repository/io/netty/netty-transport-native-epoll/4.1.78.Final/netty-transport-native-epoll-4.1.78.Final.jar:/Users/baitharu/.m2/repository/io/netty/netty-transport-native-kqueue/4.1.78.Final/netty-transport-native-kqueue-4.1.78.Final.jar:/Users/baitharu/.m2/repository/io/netty/netty-transport-native-unix-common/4.1.78.Final/netty-transport-native-unix-common-4.1.78.Final.jar:/Users/baitharu/.m2/repository/io/netty/netty-transport/4.1.78.Final/netty-transport-4.1.78.Final.jar:/Users/baitharu/.m2/repository/io/netty/netty-resolver/4.1.78.Final/netty-resolver-4.1.78.Final.jar:/Users/baitharu/.m2/repository/io/opentelemetry/opentelemetry-api/1.15.0/opentelemetry-api-1.15.0.jar:/Users/baitharu/.m2/repository/io/opentelemetry/opentelemetry-context/1.15.0/opentelemetry-context-1.15.0.jar:/Users/baitharu/.m2/repository/io/opentelemetry/opentelemetry-exporter-logging/1.15.0/opentelemetry-exporter-logging-1.15.0.jar:/Users/baitharu/.m2/repository/io/opentelemetry/opentelemetry-sdk-metrics/1.15.0/opentelemetry-sdk-metrics-1.15.0.jar:/Users/baitharu/.m2/repository/io/opentelemetry/opentelemetry-sdk-logs/1.15.0-alpha/opentelemetry-sdk-logs-1.15.0-alpha.jar:/Users/baitharu/.m2/repository/io/opentelemetry/opentelemetry-sdk-common/1.15.0/opentelemetry-sdk-common-1.15.0.jar:/Users/baitharu/.m2/repository/io/opentelemetry/opentelemetry-sdk-extension-autoconfigure-spi/1.15.0/opentelemetry-sdk-extension-autoconfigure-spi-1.15.0.jar:/Users/baitharu/.m2/repository/io/opentelemetry/opentelemetry-sdk-extension-autoconfigure/1.15.0-alpha/opentelemetry-sdk-extension-autoconfigure-1.15.0-alpha.jar:/Users/baitharu/.m2/repository/io/opentelemetry/opentelemetry-sdk-trace/1.15.0/opentelemetry-sdk-trace-1.15.0.jar:/Users/baitharu/.m2/repository/io/opentelemetry/opentelemetry-sdk/1.15.0/opentelemetry-sdk-1.15.0.jar:/Users/baitharu/.m2/repository/io/opentelemetry/opentelemetry-semconv/1.15.0-alpha/opentelemetry-semconv-1.15.0-alpha.jar:/Users/baitharu/.m2/repository/io/ous/jtoml/2.0.0/jtoml-2.0.0.jar:/Users/baitharu/.m2/repository/net/bytebuddy/byte-buddy/1.12.10/byte-buddy-1.12.10.jar:/Users/baitharu/.m2/repository/org/apache/commons/commons-exec/1.3/commons-exec-1.3.jar:/Users/baitharu/.m2/repository/org/asynchttpclient/async-http-client/2.12.3/async-http-client-2.12.3.jar:/Users/baitharu/.m2/repository/org/asynchttpclient/async-http-client-netty-utils/2.12.3/async-http-client-netty-utils-2.12.3.jar:/Users/baitharu/.m2/repository/io/netty/netty-codec-socks/4.1.60.Final/netty-codec-socks-4.1.60.Final.jar:/Users/baitharu/.m2/repository/io/netty/netty-handler-proxy/4.1.60.Final/netty-handler-proxy-4.1.60.Final.jar:/Users/baitharu/.m2/repository/io/netty/netty-transport-native-epoll/4.1.60.Final/netty-transport-native-epoll-4.1.60.Final-linux-x86_64.jar:/Users/baitharu/.m2/repository/io/netty/netty-transport-native-kqueue/4.1.60.Final/netty-transport-native-kqueue-4.1.60.Final-osx-x86_64.jar:/Users/baitharu/.m2/repository/com/typesafe/netty/netty-reactive-streams/2.0.4/netty-reactive-streams-2.0.4.jar:/Users/baitharu/.m2/repository/com/sun/activation/jakarta.activation/1.2.2/jakarta.activation-1.2.2.jar:/Users/baitharu/.m2/repository/org/seleniumhq/selenium/selenium-http/4.3.0/selenium-http-4.3.0.jar:/Users/baitharu/.m2/repository/dev/failsafe/failsafe/3.2.4/failsafe-3.2.4.jar:/Users/baitharu/.m2/repository/org/seleniumhq/selenium/selenium-safari-driver/4.3.0/selenium-safari-driver-4.3.0.jar:/Users/baitharu/.m2/repository/org/seleniumhq/selenium/selenium-support/4.3.0/selenium-support-4.3.0.jar:/Users/baitharu/.m2/repository/io/github/bonigarcia/webdrivermanager/5.2.1/webdrivermanager-5.2.1.jar:/Users/baitharu/.m2/repository/org/slf4j/slf4j-api/1.7.36/slf4j-api-1.7.36.jar:/Users/baitharu/.m2/repository/com/google/code/gson/gson/2.9.0/gson-2.9.0.jar:/Users/baitharu/.m2/repository/com/github/docker-java/docker-java/3.2.13/docker-java-3.2.13.jar:/Users/baitharu/.m2/repository/com/github/docker-java/docker-java-core/3.2.13/docker-java-core-3.2.13.jar:/Users/baitharu/.m2/repository/com/github/docker-java/docker-java-api/3.2.13/docker-java-api-3.2.13.jar:/Users/baitharu/.m2/repository/com/fasterxml/jackson/core/jackson-annotations/2.10.3/jackson-annotations-2.10.3.jar:/Users/baitharu/.m2/repository/org/apache/commons/commons-compress/1.21/commons-compress-1.21.jar:/Users/baitharu/.m2/repository/com/fasterxml/jackson/core/jackson-databind/2.10.3/jackson-databind-2.10.3.jar:/Users/baitharu/.m2/repository/com/fasterxml/jackson/core/jackson-core/2.10.3/jackson-core-2.10.3.jar:/Users/baitharu/.m2/repository/org/bouncycastle/bcpkix-jdk15on/1.64/bcpkix-jdk15on-1.64.jar:/Users/baitharu/.m2/repository/org/bouncycastle/bcprov-jdk15on/1.64/bcprov-jdk15on-1.64.jar:/Users/baitharu/.m2/repository/org/slf4j/jcl-over-slf4j/1.7.30/jcl-over-slf4j-1.7.30.jar:/Users/baitharu/.m2/repository/com/github/docker-java/docker-java-transport-httpclient5/3.2.13/docker-java-transport-httpclient5-3.2.13.jar:/Users/baitharu/.m2/repository/com/github/docker-java/docker-java-transport/3.2.13/docker-java-transport-3.2.13.jar:/Users/baitharu/.m2/repository/net/java/dev/jna/jna/5.8.0/jna-5.8.0.jar:/Users/baitharu/.m2/repository/org/brotli/dec/0.1.2/dec-0.1.2.jar:/Users/baitharu/.m2/repository/org/apache/commons/commons-lang3/3.12.0/commons-lang3-3.12.0.jar:/Users/baitharu/.m2/repository/org/apache/httpcomponents/client5/httpclient5/5.1.3/httpclient5-5.1.3.jar:/Users/baitharu/.m2/repository/org/apache/httpcomponents/core5/httpcore5/5.1.3/httpcore5-5.1.3.jar:/Users/baitharu/.m2/repository/org/apache/httpcomponents/core5/httpcore5-h2/5.1.3/httpcore5-h2-5.1.3.jar:/Users/baitharu/.m2/repository/commons-codec/commons-codec/1.15/commons-codec-1.15.jar:/Users/baitharu/.m2/repository/org/apache/logging/log4j/log4j-api/2.18.0/log4j-api-2.18.0.jar:/Users/baitharu/.m2/repository/org/apache/logging/log4j/log4j-core/2.18.0/log4j-core-2.18.0.jar:/Users/baitharu/.m2/repository/com/aventstack/extentreports/5.0.9/extentreports-5.0.9.jar:/Users/baitharu/.m2/repository/io/reactivex/rxjava3/rxjava/3.0.4/rxjava-3.0.4.jar:/Users/baitharu/.m2/repository/org/reactivestreams/reactive-streams/1.0.3/reactive-streams-1.0.3.jar:/Users/baitharu/.m2/repository/org/freemarker/freemarker/2.3.30/freemarker-2.3.30.jar:/Users/baitharu/.m2/repository/org/projectlombok/lombok/1.18.12/lombok-1.18.12.jar:/Users/baitharu/.m2/repository/tech/grasshopper/extentreports-cucumber7-adapter/1.7.0/extentreports-cucumber7-adapter-1.7.0.jar:/Users/baitharu/.m2/repository/tech/grasshopper/extent-pdf-report/2.7.0/extent-pdf-report-2.7.0.jar:/Users/baitharu/.m2/repository/tech/grasshopper/cucumber-pdf-report/2.10.0/cucumber-pdf-report-2.10.0.jar:/Users/baitharu/.m2/repository/org/apache/pdfbox/pdfbox/2.0.26/pdfbox-2.0.26.jar:/Users/baitharu/.m2/repository/org/apache/pdfbox/fontbox/2.0.26/fontbox-2.0.26.jar:/Users/baitharu/.m2/repository/org/knowm/xchart/xchart/3.8.0/xchart-3.8.0.jar:/Users/baitharu/.m2/repository/de/erichseifert/vectorgraphics2d/VectorGraphics2D/0.13/VectorGraphics2D-0.13.jar:/Users/baitharu/.m2/repository/de/rototor/pdfbox/graphics2d/0.30/graphics2d-0.30.jar:/Users/baitharu/.m2/repository/com/madgag/animated-gif-lib/1.4/animated-gif-lib-1.4.jar:/Users/baitharu/.m2/repository/org/yaml/snakeyaml/1.28/snakeyaml-1.28.jar:/Users/baitharu/.m2/repository/tech/grasshopper/table-layout/1.5.1/table-layout-1.5.1.jar:/Users/baitharu/.m2/repository/tech/grasshopper/rest-assured-cucumber-pdf-report/1.4.1/rest-assured-cucumber-pdf-report-1.4.1.jar:/Users/baitharu/.m2/repository/org/jsoup/jsoup/1.14.3/jsoup-1.14.3.jar:/Users/baitharu/.m2/repository/com/aventstack/klov-reporter/5.0.9/klov-reporter-5.0.9.jar:/Users/baitharu/.m2/repository/org/mongodb/mongodb-driver/3.6.4/mongodb-driver-3.6.4.jar:/Users/baitharu/.m2/repository/org/mongodb/mongodb-driver-core/3.6.4/mongodb-driver-core-3.6.4.jar:/Users/baitharu/.m2/repository/org/mongodb/bson/3.6.4/bson-3.6.4.jar:/Users/baitharu/.m2/repository/org/apache/httpcomponents/httpclient/4.5.13/httpclient-4.5.13.jar:/Users/baitharu/.m2/repository/org/apache/httpcomponents/httpcore/4.4.13/httpcore-4.4.13.jar:/Users/baitharu/.m2/repository/commons-logging/commons-logging/1.2/commons-logging-1.2.jar:/Users/baitharu/.m2/repository/org/apache/httpcomponents/httpmime/4.5.13/httpmime-4.5.13.jar:/Users/baitharu/.m2/repository/tech/grasshopper/htmlextentreporter/1.0.1/htmlextentreporter-1.0.1.jar:"/>
    <property name="sun.cpu.endian" value="little"/>
    <property name="user.home" value="/Users/baitharu"/>
    <property name="user.language" value="en"/>
    <property name="java.specification.vendor" value="Oracle Corporation"/>
    <property name="java.home" value="/Library/Internet Plug-Ins/JavaAppletPlugin.plugin/Contents/Home"/>
    <property name="basedir" value="/Users/baitharu/eclipse-workspace/CucumberJava"/>
    <property name="file.separator" value="/"/>
    <property name="line.separator" value="&#10;"/>
    <property name="java.vm.specification.vendor" value="Oracle Corporation"/>
    <property name="java.specification.name" value="Java Platform API Specification"/>
    <property name="java.awt.graphicsenv" value="sun.awt.CGraphicsEnvironment"/>
    <property name="surefire.real.class.path" value="/Users/baitharu/eclipse-workspace/CucumberJava/target/surefire/surefirebooter-20220730005747680_3.jar"/>
    <property name="sun.boot.class.path" value="/Library/Internet Plug-Ins/JavaAppletPlugin.plugin/Contents/Home/lib/resources.jar:/Library/Internet Plug-Ins/JavaAppletPlugin.plugin/Contents/Home/lib/rt.jar:/Library/Internet Plug-Ins/JavaAppletPlugin.plugin/Contents/Home/lib/sunrsasign.jar:/Library/Internet Plug-Ins/JavaAppletPlugin.plugin/Contents/Home/lib/jsse.jar:/Library/Internet Plug-Ins/JavaAppletPlugin.plugin/Contents/Home/lib/jce.jar:/Library/Internet Plug-Ins/JavaAppletPlugin.plugin/Contents/Home/lib/charsets.jar:/Library/Internet Plug-Ins/JavaAppletPlugin.plugin/Contents/Home/lib/jfr.jar:/Library/Internet Plug-Ins/JavaAppletPlugin.plugin/Contents/Home/classes"/>
    <property name="sun.management.compiler" value="HotSpot 64-Bit Tiered Compilers"/>
    <property name="ftp.nonProxyHosts" value="local|*.local|169.254/16|*.169.254/16"/>
    <property name="java.runtime.version" value="1.8.0_301-b09"/>
    <property name="user.name" value="baitharu"/>
    <property name="path.separator" value=":"/>
    <property name="os.version" value="10.16"/>
    <property name="java.endorsed.dirs" value="/Library/Internet Plug-Ins/JavaAppletPlugin.plugin/Contents/Home/lib/endorsed"/>
    <property name="java.runtime.name" value="Java(TM) SE Runtime Environment"/>
    <property name="file.encoding" value="UTF-8"/>
    <property name="java.vm.name" value="Java HotSpot(TM) 64-Bit Server VM"/>
    <property name="localRepository" value="/Users/baitharu/.m2/repository"/>
    <property name="java.vendor.url.bug" value="http://bugreport.sun.com/bugreport/"/>
    <property name="java.io.tmpdir" value="/var/folders/2k/58m39qqj2pj3m4wbkjz3dnyh0000gn/T/"/>
    <property name="java.version" value="1.8.0_301"/>
    <property name="user.dir" value="/Users/baitharu/eclipse-workspace/CucumberJava"/>
    <property name="os.arch" value="x86_64"/>
    <property name="java.vm.specification.name" value="Java Virtual Machine Specification"/>
    <property name="java.awt.printerjob" value="sun.lwawt.macosx.CPrinterJob"/>
    <property name="sun.os.patch.level" value="unknown"/>
    <property name="java.library.path" value="/Users/baitharu/Library/Java/Extensions:/Library/Java/Extensions:/Network/Library/Java/Extensions:/System/Library/Java/Extensions:/usr/lib/java:."/>
    <property name="java.vm.info" value="mixed mode"/>
    <property name="java.vendor" value="Oracle Corporation"/>
    <property name="java.vm.version" value="25.301-b09"/>
    <property name="java.ext.dirs" value="/Users/baitharu/Library/Java/Extensions:/Library/Internet Plug-Ins/JavaAppletPlugin.plugin/Contents/Home/lib/ext:/Library/Java/Extensions:/Network/Library/Java/Extensions:/System/Library/Java/Extensions:/usr/lib/java"/>
    <property name="sun.io.unicode.encoding" value="UnicodeBig"/>
    <property name="java.class.version" value="52.0"/>
    <property name="socksNonProxyHosts" value="local|*.local|169.254/16|*.169.254/16"/>
  </properties>
  <testcase name="checks remove item from cart" classname="This feature verifies addto cart, remove, placing Order" time="17.165">
    <system-out><![CDATA[
@SmokeFeature @smoke
Scenario: checks remove item from cart                                   # src/test/resources/Feature/CartWithBackGround.feature:32
[INFO ][30-Jul-2022 00:57:49 AM] Log.info:(27) - ******   Current Working directory  *********/Users/baitharu/eclipse-workspace/CucumberJava
[INFO ][30-Jul-2022 00:57:49 AM] Log.info:(27) - ****** Initializing the Property file *****Driver.Driverfactory
[DEBUG][30-Jul-2022 00:57:49 AM] InternalLoggerFactory.useLog4J2LoggerFactory:(76) - Using Log4J2 as the default logging framework
[DEBUG][30-Jul-2022 00:57:49 AM] ResourceLeakDetector.<clinit>:(129) - -Dio.netty.leakDetection.level: simple
[DEBUG][30-Jul-2022 00:57:49 AM] ResourceLeakDetector.<clinit>:(130) - -Dio.netty.leakDetection.targetRecords: 4
[DEBUG][30-Jul-2022 00:57:49 AM] ResourceLeakDetectorFactory$DefaultResourceLeakDetectorFactory.newResourceLeakDetector:(196) - Loaded default ResourceLeakDetector: io.netty.util.ResourceLeakDetector@5ae95707
[DEBUG][30-Jul-2022 00:57:49 AM] PlatformDependent0.explicitNoUnsafeCause0:(495) - -Dio.netty.noUnsafe: false
[DEBUG][30-Jul-2022 00:57:49 AM] PlatformDependent0.javaVersion0:(998) - Java version: 8
[DEBUG][30-Jul-2022 00:57:49 AM] PlatformDependent0.<clinit>:(136) - sun.misc.Unsafe.theUnsafe: available
[DEBUG][30-Jul-2022 00:57:49 AM] PlatformDependent0.<clinit>:(160) - sun.misc.Unsafe.copyMemory: available
[DEBUG][30-Jul-2022 00:57:49 AM] PlatformDependent0.<clinit>:(192) - sun.misc.Unsafe.storeFence: available
[DEBUG][30-Jul-2022 00:57:49 AM] PlatformDependent0.<clinit>:(235) - java.nio.Buffer.address: available
[DEBUG][30-Jul-2022 00:57:49 AM] PlatformDependent0.<clinit>:(306) - direct buffer constructor: available
[DEBUG][30-Jul-2022 00:57:49 AM] PlatformDependent0.<clinit>:(384) - java.nio.Bits.unaligned: available, true
[DEBUG][30-Jul-2022 00:57:49 AM] PlatformDependent0.<clinit>:(458) - jdk.internal.misc.Unsafe.allocateUninitializedArray(int): unavailable prior to Java9
[DEBUG][30-Jul-2022 00:57:49 AM] PlatformDependent0.<clinit>:(481) - java.nio.DirectByteBuffer.<init>(long, int): available
[DEBUG][30-Jul-2022 00:57:49 AM] PlatformDependent.unsafeUnavailabilityCause0:(1120) - sun.misc.Unsafe: available
[DEBUG][30-Jul-2022 00:57:49 AM] PlatformDependent.tmpdir0:(1250) - -Dio.netty.tmpdir: /var/folders/2k/58m39qqj2pj3m4wbkjz3dnyh0000gn/T (java.io.tmpdir)
[DEBUG][30-Jul-2022 00:57:49 AM] PlatformDependent.bitMode0:(1329) - -Dio.netty.bitMode: 64 (sun.arch.data.model)
[DEBUG][30-Jul-2022 00:57:49 AM] PlatformDependent.isOsx0:(1088) - Platform: MacOS
[DEBUG][30-Jul-2022 00:57:49 AM] PlatformDependent.<clinit>:(178) - -Dio.netty.maxDirectMemory: 1908932608 bytes
[DEBUG][30-Jul-2022 00:57:49 AM] PlatformDependent.<clinit>:(185) - -Dio.netty.uninitializedArrayAllocationThreshold: -1
[DEBUG][30-Jul-2022 00:57:49 AM] CleanerJava6.<clinit>:(92) - java.nio.ByteBuffer.cleaner(): available
[DEBUG][30-Jul-2022 00:57:49 AM] PlatformDependent.<clinit>:(205) - -Dio.netty.noPreferDirect: false
[DEBUG][30-Jul-2022 00:57:49 AM] PlatformDependent$Mpsc.<clinit>:(971) - org.jctools-core.MpscChunkedArrayQueue: available
[DEBUG][30-Jul-2022 00:57:49 AM] InternalThreadLocalMap.<clinit>:(86) - -Dio.netty.threadLocalMap.stringBuilder.initialSize: 1024
[DEBUG][30-Jul-2022 00:57:49 AM] InternalThreadLocalMap.<clinit>:(89) - -Dio.netty.threadLocalMap.stringBuilder.maxSize: 4096
[DEBUG][30-Jul-2022 00:57:49 AM] JdkSslContext.<clinit>:(83) - Default protocols (JDK): [TLSv1.2] 
[DEBUG][30-Jul-2022 00:57:49 AM] JdkSslContext.<clinit>:(84) - Default cipher suites (JDK): [TLS_ECDHE_ECDSA_WITH_AES_256_GCM_SHA384, TLS_ECDHE_ECDSA_WITH_AES_128_GCM_SHA256, TLS_ECDHE_RSA_WITH_AES_128_GCM_SHA256, TLS_ECDHE_RSA_WITH_AES_256_GCM_SHA384, TLS_ECDHE_RSA_WITH_AES_128_CBC_SHA, TLS_ECDHE_RSA_WITH_AES_256_CBC_SHA, TLS_RSA_WITH_AES_128_GCM_SHA256, TLS_RSA_WITH_AES_128_CBC_SHA, TLS_RSA_WITH_AES_256_CBC_SHA, TLS_AES_128_GCM_SHA256, TLS_AES_256_GCM_SHA384]
[DEBUG][30-Jul-2022 00:57:50 AM] MultithreadEventLoopGroup.<clinit>:(44) - -Dio.netty.eventLoopThreads: 16
[DEBUG][30-Jul-2022 00:57:50 AM] NioEventLoop.<clinit>:(109) - -Dio.netty.noKeySetOptimization: false
[DEBUG][30-Jul-2022 00:57:50 AM] NioEventLoop.<clinit>:(110) - -Dio.netty.selectorAutoRebuildThreshold: 512
[TRACE][30-Jul-2022 00:57:50 AM] NioEventLoop.openSelector:(263) - instrumented a special java.util.Set into: sun.nio.ch.KQueueSelectorImpl@e9dc4d0
[TRACE][30-Jul-2022 00:57:50 AM] NioEventLoop.openSelector:(263) - instrumented a special java.util.Set into: sun.nio.ch.KQueueSelectorImpl@43b40233
[TRACE][30-Jul-2022 00:57:50 AM] NioEventLoop.openSelector:(263) - instrumented a special java.util.Set into: sun.nio.ch.KQueueSelectorImpl@23eff5d1
[TRACE][30-Jul-2022 00:57:50 AM] NioEventLoop.openSelector:(263) - instrumented a special java.util.Set into: sun.nio.ch.KQueueSelectorImpl@2e060819
[TRACE][30-Jul-2022 00:57:50 AM] NioEventLoop.openSelector:(263) - instrumented a special java.util.Set into: sun.nio.ch.KQueueSelectorImpl@42c28305
[TRACE][30-Jul-2022 00:57:50 AM] NioEventLoop.openSelector:(263) - instrumented a special java.util.Set into: sun.nio.ch.KQueueSelectorImpl@2184b4f4
[TRACE][30-Jul-2022 00:57:50 AM] NioEventLoop.openSelector:(263) - instrumented a special java.util.Set into: sun.nio.ch.KQueueSelectorImpl@7d199c68
[TRACE][30-Jul-2022 00:57:50 AM] NioEventLoop.openSelector:(263) - instrumented a special java.util.Set into: sun.nio.ch.KQueueSelectorImpl@63411512
[TRACE][30-Jul-2022 00:57:50 AM] NioEventLoop.openSelector:(263) - instrumented a special java.util.Set into: sun.nio.ch.KQueueSelectorImpl@35cd68d4
[TRACE][30-Jul-2022 00:57:50 AM] NioEventLoop.openSelector:(263) - instrumented a special java.util.Set into: sun.nio.ch.KQueueSelectorImpl@316a598d
[TRACE][30-Jul-2022 00:57:50 AM] NioEventLoop.openSelector:(263) - instrumented a special java.util.Set into: sun.nio.ch.KQueueSelectorImpl@216914
[TRACE][30-Jul-2022 00:57:50 AM] NioEventLoop.openSelector:(263) - instrumented a special java.util.Set into: sun.nio.ch.KQueueSelectorImpl@6ba30587
[TRACE][30-Jul-2022 00:57:50 AM] NioEventLoop.openSelector:(263) - instrumented a special java.util.Set into: sun.nio.ch.KQueueSelectorImpl@35764bef
[TRACE][30-Jul-2022 00:57:50 AM] NioEventLoop.openSelector:(263) - instrumented a special java.util.Set into: sun.nio.ch.KQueueSelectorImpl@5633dafd
[TRACE][30-Jul-2022 00:57:50 AM] NioEventLoop.openSelector:(263) - instrumented a special java.util.Set into: sun.nio.ch.KQueueSelectorImpl@5d5160e6
[TRACE][30-Jul-2022 00:57:50 AM] NioEventLoop.openSelector:(263) - instrumented a special java.util.Set into: sun.nio.ch.KQueueSelectorImpl@2eadc9f6
[DEBUG][30-Jul-2022 00:57:50 AM] PooledByteBufAllocator.<clinit>:(157) - -Dio.netty.allocator.numHeapArenas: 16
[DEBUG][30-Jul-2022 00:57:50 AM] PooledByteBufAllocator.<clinit>:(158) - -Dio.netty.allocator.numDirectArenas: 16
[DEBUG][30-Jul-2022 00:57:50 AM] PooledByteBufAllocator.<clinit>:(160) - -Dio.netty.allocator.pageSize: 8192
[DEBUG][30-Jul-2022 00:57:50 AM] PooledByteBufAllocator.<clinit>:(165) - -Dio.netty.allocator.maxOrder: 9
[DEBUG][30-Jul-2022 00:57:50 AM] PooledByteBufAllocator.<clinit>:(169) - -Dio.netty.allocator.chunkSize: 4194304
[DEBUG][30-Jul-2022 00:57:50 AM] PooledByteBufAllocator.<clinit>:(170) - -Dio.netty.allocator.smallCacheSize: 256
[DEBUG][30-Jul-2022 00:57:50 AM] PooledByteBufAllocator.<clinit>:(171) - -Dio.netty.allocator.normalCacheSize: 64
[DEBUG][30-Jul-2022 00:57:50 AM] PooledByteBufAllocator.<clinit>:(172) - -Dio.netty.allocator.maxCachedBufferCapacity: 32768
[DEBUG][30-Jul-2022 00:57:50 AM] PooledByteBufAllocator.<clinit>:(173) - -Dio.netty.allocator.cacheTrimInterval: 8192
[DEBUG][30-Jul-2022 00:57:50 AM] PooledByteBufAllocator.<clinit>:(174) - -Dio.netty.allocator.cacheTrimIntervalMillis: 0
[DEBUG][30-Jul-2022 00:57:50 AM] PooledByteBufAllocator.<clinit>:(175) - -Dio.netty.allocator.useCacheForAllThreads: false
[DEBUG][30-Jul-2022 00:57:50 AM] PooledByteBufAllocator.<clinit>:(176) - -Dio.netty.allocator.maxCachedByteBuffersPerChunk: 1023
[DEBUG][30-Jul-2022 00:57:50 AM] ByteBufUtil.<clinit>:(87) - -Dio.netty.allocator.type: pooled
[DEBUG][30-Jul-2022 00:57:50 AM] ByteBufUtil.<clinit>:(96) - -Dio.netty.threadLocalDirectBufferSize: 0
[DEBUG][30-Jul-2022 00:57:50 AM] ByteBufUtil.<clinit>:(99) - -Dio.netty.maxThreadLocalCharBufferSize: 16384
[DEBUG][30-Jul-2022 00:57:50 AM] DefaultChannelId.<clinit>:(79) - -Dio.netty.processId: 3926 (auto-detected)
[DEBUG][30-Jul-2022 00:57:50 AM] NetUtil.<clinit>:(136) - -Djava.net.preferIPv4Stack: false
[DEBUG][30-Jul-2022 00:57:50 AM] NetUtil.<clinit>:(137) - -Djava.net.preferIPv6Addresses: false
[DEBUG][30-Jul-2022 00:57:50 AM] NetUtilInitializations.determineLoopback:(129) - Loopback interface: lo0 (lo0, 0:0:0:0:0:0:0:1%lo0)
[DEBUG][30-Jul-2022 00:57:50 AM] NetUtil$SoMaxConnAction.run:(191) - Failed to get SOMAXCONN from sysctl and file /proc/sys/net/core/somaxconn. Default: 128
[DEBUG][30-Jul-2022 00:57:50 AM] DefaultChannelId.<clinit>:(101) - -Dio.netty.machineId: ac:de:48:ff:fe:00:11:22 (auto-detected)
[DEBUG][30-Jul-2022 00:57:50 AM] AbstractByteBuf.<clinit>:(63) - -Dio.netty.buffer.checkAccessible: true
[DEBUG][30-Jul-2022 00:57:50 AM] AbstractByteBuf.<clinit>:(64) - -Dio.netty.buffer.checkBounds: true
[DEBUG][30-Jul-2022 00:57:50 AM] ResourceLeakDetectorFactory$DefaultResourceLeakDetectorFactory.newResourceLeakDetector:(196) - Loaded default ResourceLeakDetector: io.netty.util.ResourceLeakDetector@7983b34d
[DEBUG][30-Jul-2022 00:57:50 AM] Recycler.<clinit>:(85) - -Dio.netty.recycler.maxCapacityPerThread: 4096
[DEBUG][30-Jul-2022 00:57:50 AM] Recycler.<clinit>:(86) - -Dio.netty.recycler.ratio: 8
[DEBUG][30-Jul-2022 00:57:50 AM] Recycler.<clinit>:(87) - -Dio.netty.recycler.chunkSize: 32
[DEBUG][30-Jul-2022 00:57:50 AM] Recycler.<clinit>:(88) - -Dio.netty.recycler.blocking: false
[DEBUG][30-Jul-2022 00:57:51 AM] Brotli.<clinit>:(38) - brotli4j not in the classpath; Brotli support will be unavailable.
[DEBUG][30-Jul-2022 00:57:52 AM] ThreadLocalRandom.newSeed:(214) - -Dio.netty.initialSeedUniquifier: 0xdd88a1882f7efa07
[INFO ][30-Jul-2022 00:57:52 AM] Log.info:(27) - ****** Initializing the WebDriver *****Driver.Driverfactory
[INFO ][30-Jul-2022 00:57:52 AM] Log.startStep:(16) - Step Started ••••••••••••••••Scenario Step execution Start Time Sat Jul 30 00:57:52 IST 2022
User is in login page https://www.saucedemo.com/
  Given user is in login page                                            # StepDefination.Cart_withBackground.user_is_in_login_page()
[INFO ][30-Jul-2022 00:57:52 AM] Log.endStep:(24) - Step Started ••••••••••••••••Scenario Step execution End Time Sat Jul 30 00:57:52 IST 2022
[INFO ][30-Jul-2022 00:57:52 AM] Log.startStep:(16) - Step Started ••••••••••••••••Scenario Step execution Start Time Sat Jul 30 00:57:52 IST 2022
  Then views login and password and login button                         # StepDefination.Cart_withBackground.views_login_and_password_and_login_button()
[INFO ][30-Jul-2022 00:57:53 AM] Log.endStep:(24) - Step Started ••••••••••••••••Scenario Step execution End Time Sat Jul 30 00:57:53 IST 2022
[INFO ][30-Jul-2022 00:57:53 AM] Log.startStep:(16) - Step Started ••••••••••••••••Scenario Step execution Start Time Sat Jul 30 00:57:53 IST 2022
  Then enters username and Password and clicks on login button           # StepDefination.Cart_withBackground.enters_username_and_Password_and_clicks_on_login_button()
[INFO ][30-Jul-2022 00:58:05 AM] Log.endStep:(24) - Step Started ••••••••••••••••Scenario Step execution End Time Sat Jul 30 00:58:05 IST 2022
[INFO ][30-Jul-2022 00:58:05 AM] Log.startStep:(16) - Step Started ••••••••••••••••Scenario Step execution Start Time Sat Jul 30 00:58:05 IST 2022
  And user lands to Home page and views Empty cart                       # StepDefination.Cart_withBackground.user_lands_to_Home_page_and_views_Empty_cart()
[INFO ][30-Jul-2022 00:58:05 AM] Log.endStep:(24) - Step Started ••••••••••••••••Scenario Step execution End Time Sat Jul 30 00:58:05 IST 2022
[INFO ][30-Jul-2022 00:58:05 AM] Log.startStep:(16) - Step Started ••••••••••••••••Scenario Step execution Start Time Sat Jul 30 00:58:05 IST 2022
  And adds item to cart                                                  # StepDefination.Cart_withBackground.adds_item_to_cart()
[INFO ][30-Jul-2022 00:58:05 AM] Log.endStep:(24) - Step Started ••••••••••••••••Scenario Step execution End Time Sat Jul 30 00:58:05 IST 2022
[INFO ][30-Jul-2022 00:58:05 AM] Log.startStep:(16) - Step Started ••••••••••••••••Scenario Step execution Start Time Sat Jul 30 00:58:05 IST 2022
  Then checks the count of the cart                                      # StepDefination.Cart_withBackground.checks_the_count_of_the_cart()
[INFO ][30-Jul-2022 00:58:05 AM] Log.endStep:(24) - Step Started ••••••••••••••••Scenario Step execution End Time Sat Jul 30 00:58:05 IST 2022
[INFO ][30-Jul-2022 00:58:05 AM] Log.startStep:(16) - Step Started ••••••••••••••••Scenario Step execution Start Time Sat Jul 30 00:58:05 IST 2022
  When user is in landing page                                           # StepDefination.Cart_withBackground.user_is_in_landing_page()
[INFO ][30-Jul-2022 00:58:05 AM] Log.endStep:(24) - Step Started ••••••••••••••••Scenario Step execution End Time Sat Jul 30 00:58:05 IST 2022
[INFO ][30-Jul-2022 00:58:05 AM] Log.startStep:(16) - Step Started ••••••••••••••••Scenario Step execution Start Time Sat Jul 30 00:58:05 IST 2022
  And clicks the cart and removes item from the cart and makes its empty # StepDefination.Cart_withBackground.clicks_the_cart_and_removes_item_from_the_cart_and_makes_its_empty()
[INFO ][30-Jul-2022 00:58:05 AM] Log.endStep:(24) - Step Started ••••••••••••••••Scenario Step execution End Time Sat Jul 30 00:58:05 IST 2022
[TRACE][30-Jul-2022 00:58:05 AM] WebSocket08FrameEncoder.encode:(131) - Encoding WebSocket Frame opCode=8 length=26
[INFO ][30-Jul-2022 00:58:06 AM] Log.info:(27) - ****** Quitting the WebDriver Session from StepDefination After Hook *****Driver.Driverfactory
]]></system-out>
    <system-err><![CDATA[SLF4J: Failed to load class "org.slf4j.impl.StaticLoggerBinder".
SLF4J: Defaulting to no-operation (NOP) logger implementation
SLF4J: See http://www.slf4j.org/codes.html#StaticLoggerBinder for further details.
Starting ChromeDriver 103.0.5060.134 (8ec6fce403b3feb0869b0732eda8bd95011d333c-refs/branch-heads/5060@{#1262}) on port 52247
Only local connections are allowed.
Please see https://chromedriver.chromium.org/security-considerations for suggestions on keeping ChromeDriver safe.
ChromeDriver was started successfully.
Jul 30, 2022 12:57:51 AM org.openqa.selenium.remote.ProtocolHandshake createSession
INFO: Detected upstream dialect: W3C
Jul 30, 2022 12:57:52 AM org.openqa.selenium.devtools.CdpVersionFinder findNearestMatch
INFO: Found exact CDP implementation for version 103
]]></system-err>
  </testcase>
  <testcase name="verifies submitting shopping request" classname="This feature verifies addto cart, remove, placing Order" time="15.241">
    <system-out><![CDATA[
@SmokeFeature @smoke
Scenario: verifies submitting shopping request                     # src/test/resources/Feature/CartWithBackGround.feature:37
[INFO ][30-Jul-2022 00:58:06 AM] Log.info:(27) - ******   Current Working directory  *********/Users/baitharu/eclipse-workspace/CucumberJava
[INFO ][30-Jul-2022 00:58:06 AM] Log.info:(27) - ****** Initializing the Property file *****Driver.Driverfactory
[INFO ][30-Jul-2022 00:58:07 AM] Log.info:(27) - ****** Initializing the WebDriver *****Driver.Driverfactory
[INFO ][30-Jul-2022 00:58:07 AM] Log.startStep:(16) - Step Started ••••••••••••••••Scenario Step execution Start Time Sat Jul 30 00:58:07 IST 2022
User is in login page https://www.saucedemo.com/
  Given user is in login page                                      # StepDefination.Cart_withBackground.user_is_in_login_page()
[INFO ][30-Jul-2022 00:58:08 AM] Log.endStep:(24) - Step Started ••••••••••••••••Scenario Step execution End Time Sat Jul 30 00:58:08 IST 2022
[INFO ][30-Jul-2022 00:58:08 AM] Log.startStep:(16) - Step Started ••••••••••••••••Scenario Step execution Start Time Sat Jul 30 00:58:08 IST 2022
  Then views login and password and login button                   # StepDefination.Cart_withBackground.views_login_and_password_and_login_button()
[INFO ][30-Jul-2022 00:58:08 AM] Log.endStep:(24) - Step Started ••••••••••••••••Scenario Step execution End Time Sat Jul 30 00:58:08 IST 2022
[INFO ][30-Jul-2022 00:58:08 AM] Log.startStep:(16) - Step Started ••••••••••••••••Scenario Step execution Start Time Sat Jul 30 00:58:08 IST 2022
  Then enters username and Password and clicks on login button     # StepDefination.Cart_withBackground.enters_username_and_Password_and_clicks_on_login_button()
[INFO ][30-Jul-2022 00:58:20 AM] Log.endStep:(24) - Step Started ••••••••••••••••Scenario Step execution End Time Sat Jul 30 00:58:20 IST 2022
[INFO ][30-Jul-2022 00:58:20 AM] Log.startStep:(16) - Step Started ••••••••••••••••Scenario Step execution Start Time Sat Jul 30 00:58:20 IST 2022
  And user lands to Home page and views Empty cart                 # StepDefination.Cart_withBackground.user_lands_to_Home_page_and_views_Empty_cart()
[INFO ][30-Jul-2022 00:58:20 AM] Log.endStep:(24) - Step Started ••••••••••••••••Scenario Step execution End Time Sat Jul 30 00:58:20 IST 2022
[INFO ][30-Jul-2022 00:58:20 AM] Log.startStep:(16) - Step Started ••••••••••••••••Scenario Step execution Start Time Sat Jul 30 00:58:20 IST 2022
  And adds item to cart                                            # StepDefination.Cart_withBackground.adds_item_to_cart()
[INFO ][30-Jul-2022 00:58:20 AM] Log.endStep:(24) - Step Started ••••••••••••••••Scenario Step execution End Time Sat Jul 30 00:58:20 IST 2022
[INFO ][30-Jul-2022 00:58:20 AM] Log.startStep:(16) - Step Started ••••••••••••••••Scenario Step execution Start Time Sat Jul 30 00:58:20 IST 2022
  Then checks the count of the cart                                # StepDefination.Cart_withBackground.checks_the_count_of_the_cart()
[INFO ][30-Jul-2022 00:58:20 AM] Log.endStep:(24) - Step Started ••••••••••••••••Scenario Step execution End Time Sat Jul 30 00:58:20 IST 2022
[INFO ][30-Jul-2022 00:58:20 AM] Log.startStep:(16) - Step Started ••••••••••••••••Scenario Step execution Start Time Sat Jul 30 00:58:20 IST 2022
  When user is in home page navigates to cart page                 # StepDefination.Cart_withBackground.user_is_in_home_page_navigates_to_cart_page()
[INFO ][30-Jul-2022 00:58:20 AM] Log.endStep:(24) - Step Started ••••••••••••••••Scenario Step execution End Time Sat Jul 30 00:58:20 IST 2022
[INFO ][30-Jul-2022 00:58:20 AM] Log.startStep:(16) - Step Started ••••••••••••••••Scenario Step execution Start Time Sat Jul 30 00:58:20 IST 2022
  Then clicks checkout                                             # StepDefination.Cart_withBackground.clicks_checkout()
[INFO ][30-Jul-2022 00:58:20 AM] Log.endStep:(24) - Step Started ••••••••••••••••Scenario Step execution End Time Sat Jul 30 00:58:20 IST 2022
[INFO ][30-Jul-2022 00:58:20 AM] Log.startStep:(16) - Step Started ••••••••••••••••Scenario Step execution Start Time Sat Jul 30 00:58:20 IST 2022
  Then enters details in your Information page and clicks continue # StepDefination.Cart_withBackground.enters_details_in_your_Information_page_and_clicks_continue()
[INFO ][30-Jul-2022 00:58:21 AM] Log.endStep:(24) - Step Started ••••••••••••••••Scenario Step execution End Time Sat Jul 30 00:58:21 IST 2022
[INFO ][30-Jul-2022 00:58:21 AM] Log.startStep:(16) - Step Started ••••••••••••••••Scenario Step execution Start Time Sat Jul 30 00:58:21 IST 2022
  And navigates to Checkout Overview page and clicks finish        # StepDefination.Cart_withBackground.navigates_to_Checkout_Overview_page_and_clicks_finish()
[INFO ][30-Jul-2022 00:58:21 AM] Log.endStep:(24) - Step Started ••••••••••••••••Scenario Step execution End Time Sat Jul 30 00:58:21 IST 2022
[INFO ][30-Jul-2022 00:58:21 AM] Log.startStep:(16) - Step Started ••••••••••••••••Scenario Step execution Start Time Sat Jul 30 00:58:21 IST 2022
  And completes the checkout                                       # StepDefination.Cart_withBackground.completes_the_checkout()
[INFO ][30-Jul-2022 00:58:21 AM] Log.endStep:(24) - Step Started ••••••••••••••••Scenario Step execution End Time Sat Jul 30 00:58:21 IST 2022
[TRACE][30-Jul-2022 00:58:21 AM] WebSocket08FrameEncoder.encode:(131) - Encoding WebSocket Frame opCode=8 length=26
[INFO ][30-Jul-2022 00:58:21 AM] Log.info:(27) - ****** Quitting the WebDriver Session from StepDefination After Hook *****Driver.Driverfactory
]]></system-out>
    <system-err><![CDATA[Starting ChromeDriver 103.0.5060.134 (8ec6fce403b3feb0869b0732eda8bd95011d333c-refs/branch-heads/5060@{#1262}) on port 63568
Only local connections are allowed.
Please see https://chromedriver.chromium.org/security-considerations for suggestions on keeping ChromeDriver safe.
ChromeDriver was started successfully.
Jul 30, 2022 12:58:07 AM org.openqa.selenium.remote.ProtocolHandshake createSession
INFO: Detected upstream dialect: W3C
Jul 30, 2022 12:58:07 AM org.openqa.selenium.devtools.CdpVersionFinder findNearestMatch
INFO: Found exact CDP implementation for version 103
]]></system-err>
  </testcase>
  <testcase name="Login to saucedemo admin page #1" classname="Verifies Login to Sauce_demo" time="14.426">
    <system-out><![CDATA[
@FunctionalFeature @Functional
Scenario Outline: Login to saucedemo admin page                                      # src/test/resources/Feature/dataProvider.feature:28
[INFO ][30-Jul-2022 00:58:21 AM] Log.info:(27) - ******   Current Working directory  *********/Users/baitharu/eclipse-workspace/CucumberJava
[INFO ][30-Jul-2022 00:58:21 AM] Log.info:(27) - ****** Initializing the Property file *****Driver.Driverfactory
[INFO ][30-Jul-2022 00:58:23 AM] Log.info:(27) - ****** Initializing the WebDriver *****Driver.Driverfactory
[INFO ][30-Jul-2022 00:58:23 AM] Log.startStep:(16) - Step Started ••••••••••••••••Scenario Step execution Start Time Sat Jul 30 00:58:23 IST 2022
  Given User opens the web page URL                                                  # StepDefination.Login_DataProvider.user_opens_the_web_page_url()
[INFO ][30-Jul-2022 00:58:23 AM] Log.endStep:(24) - Step Started ••••••••••••••••Scenario Step execution End Time Sat Jul 30 00:58:23 IST 2022
[INFO ][30-Jul-2022 00:58:23 AM] Log.startStep:(16) - Step Started ••••••••••••••••Scenario Step execution Start Time Sat Jul 30 00:58:23 IST 2022
  Then User views login form with username and password                              # StepDefination.Login_DataProvider.user_views_login_form_with_username_and_password()
[INFO ][30-Jul-2022 00:58:23 AM] Log.endStep:(24) - Step Started ••••••••••••••••Scenario Step execution End Time Sat Jul 30 00:58:23 IST 2022
[INFO ][30-Jul-2022 00:58:23 AM] Log.startStep:(16) - Step Started ••••••••••••••••Scenario Step execution Start Time Sat Jul 30 00:58:23 IST 2022
  When User enters "standard_user" and "secret_sauce" in username and password field # StepDefination.Login_DataProvider.User_enters_username_and_password_in_username_and_password_field(java.lang.String,java.lang.String)
[INFO ][30-Jul-2022 00:58:35 AM] Log.endStep:(24) - Step Started ••••••••••••••••Scenario Step execution End Time Sat Jul 30 00:58:35 IST 2022
[INFO ][30-Jul-2022 00:58:35 AM] Log.startStep:(16) - Step Started ••••••••••••••••Scenario Step execution Start Time Sat Jul 30 00:58:35 IST 2022
  Then verifies the cart icon in homepage                                            # StepDefination.Login_DataProvider.verifies_the_cart_icon_in_homepage()
[INFO ][30-Jul-2022 00:58:35 AM] Log.endStep:(24) - Step Started ••••••••••••••••Scenario Step execution End Time Sat Jul 30 00:58:35 IST 2022
[TRACE][30-Jul-2022 00:58:35 AM] WebSocket08FrameEncoder.encode:(131) - Encoding WebSocket Frame opCode=8 length=26
[INFO ][30-Jul-2022 00:58:35 AM] Log.info:(27) - ****** Quitting the WebDriver Session from StepDefination After Hook *****Driver.Driverfactory
]]></system-out>
    <system-err><![CDATA[Starting ChromeDriver 103.0.5060.134 (8ec6fce403b3feb0869b0732eda8bd95011d333c-refs/branch-heads/5060@{#1262}) on port 56419
Only local connections are allowed.
Please see https://chromedriver.chromium.org/security-considerations for suggestions on keeping ChromeDriver safe.
ChromeDriver was started successfully.
Jul 30, 2022 12:58:22 AM org.openqa.selenium.remote.ProtocolHandshake createSession
INFO: Detected upstream dialect: W3C
Jul 30, 2022 12:58:22 AM org.openqa.selenium.devtools.CdpVersionFinder findNearestMatch
INFO: Found exact CDP implementation for version 103
]]></system-err>
  </testcase>
  <testcase name="Login to saucedemo admin page #2" classname="Verifies Login to Sauce_demo" time="19.544">
    <system-out><![CDATA[
@FunctionalFeature @Functional
Scenario Outline: Login to saucedemo admin page                                                # src/test/resources/Feature/dataProvider.feature:29
[INFO ][30-Jul-2022 00:58:35 AM] Log.info:(27) - ******   Current Working directory  *********/Users/baitharu/eclipse-workspace/CucumberJava
[INFO ][30-Jul-2022 00:58:35 AM] Log.info:(27) - ****** Initializing the Property file *****Driver.Driverfactory
[INFO ][30-Jul-2022 00:58:37 AM] Log.info:(27) - ****** Initializing the WebDriver *****Driver.Driverfactory
[INFO ][30-Jul-2022 00:58:37 AM] Log.startStep:(16) - Step Started ••••••••••••••••Scenario Step execution Start Time Sat Jul 30 00:58:37 IST 2022
  Given User opens the web page URL                                                            # StepDefination.Login_DataProvider.user_opens_the_web_page_url()
[INFO ][30-Jul-2022 00:58:37 AM] Log.endStep:(24) - Step Started ••••••••••••••••Scenario Step execution End Time Sat Jul 30 00:58:37 IST 2022
[INFO ][30-Jul-2022 00:58:37 AM] Log.startStep:(16) - Step Started ••••••••••••••••Scenario Step execution Start Time Sat Jul 30 00:58:37 IST 2022
  Then User views login form with username and password                                        # StepDefination.Login_DataProvider.user_views_login_form_with_username_and_password()
[INFO ][30-Jul-2022 00:58:37 AM] Log.endStep:(24) - Step Started ••••••••••••••••Scenario Step execution End Time Sat Jul 30 00:58:37 IST 2022
[INFO ][30-Jul-2022 00:58:37 AM] Log.startStep:(16) - Step Started ••••••••••••••••Scenario Step execution Start Time Sat Jul 30 00:58:37 IST 2022
  When User enters "performance_glitch_user" and "secret_sauce" in username and password field # StepDefination.Login_DataProvider.User_enters_username_and_password_in_username_and_password_field(java.lang.String,java.lang.String)
[INFO ][30-Jul-2022 00:58:55 AM] Log.endStep:(24) - Step Started ••••••••••••••••Scenario Step execution End Time Sat Jul 30 00:58:55 IST 2022
[INFO ][30-Jul-2022 00:58:55 AM] Log.startStep:(16) - Step Started ••••••••••••••••Scenario Step execution Start Time Sat Jul 30 00:58:55 IST 2022
  Then verifies the cart icon in homepage                                                      # StepDefination.Login_DataProvider.verifies_the_cart_icon_in_homepage()
[INFO ][30-Jul-2022 00:58:55 AM] Log.endStep:(24) - Step Started ••••••••••••••••Scenario Step execution End Time Sat Jul 30 00:58:55 IST 2022
[TRACE][30-Jul-2022 00:58:55 AM] WebSocket08FrameEncoder.encode:(131) - Encoding WebSocket Frame opCode=8 length=26
[INFO ][30-Jul-2022 00:58:55 AM] Log.info:(27) - ****** Quitting the WebDriver Session from StepDefination After Hook *****Driver.Driverfactory
]]></system-out>
    <system-err><![CDATA[Starting ChromeDriver 103.0.5060.134 (8ec6fce403b3feb0869b0732eda8bd95011d333c-refs/branch-heads/5060@{#1262}) on port 49361
Only local connections are allowed.
Please see https://chromedriver.chromium.org/security-considerations for suggestions on keeping ChromeDriver safe.
ChromeDriver was started successfully.
Jul 30, 2022 12:58:36 AM org.openqa.selenium.remote.ProtocolHandshake createSession
INFO: Detected upstream dialect: W3C
Jul 30, 2022 12:58:36 AM org.openqa.selenium.devtools.CdpVersionFinder findNearestMatch
INFO: Found exact CDP implementation for version 103
]]></system-err>
  </testcase>
  <testcase name="Check login is successful with valid credentials" classname="feature to test login functionality" time="2.073">
    <system-out><![CDATA[
@SanityFeature @Sanity
Scenario: Check login is successful with valid credentials                    # src/test/resources/Feature/login.feature:23
[INFO ][30-Jul-2022 00:58:55 AM] Log.info:(27) - ******   Current Working directory  *********/Users/baitharu/eclipse-workspace/CucumberJava
[INFO ][30-Jul-2022 00:58:55 AM] Log.info:(27) - ****** Initializing the Property file *****Driver.Driverfactory
[INFO ][30-Jul-2022 00:58:57 AM] Log.info:(27) - ****** Initializing the WebDriver *****Driver.Driverfactory
[INFO ][30-Jul-2022 00:58:57 AM] Log.startStep:(16) - Step Started ••••••••••••••••Scenario Step execution Start Time Sat Jul 30 00:58:57 IST 2022
Function user_is_on_home_page
  Given User is on Home Page                                                  # StepDefination.LoginSteps.user_is_on_home_page()
[INFO ][30-Jul-2022 00:58:57 AM] Log.endStep:(24) - Step Started ••••••••••••••••Scenario Step execution End Time Sat Jul 30 00:58:57 IST 2022
[INFO ][30-Jul-2022 00:58:57 AM] Log.startStep:(16) - Step Started ••••••••••••••••Scenario Step execution Start Time Sat Jul 30 00:58:57 IST 2022
Function user_enters_valid_username_and_password
  When user enters valid username and password in username and password field # StepDefination.LoginSteps.user_enters_valid_username_and_password()
[INFO ][30-Jul-2022 00:58:57 AM] Log.endStep:(24) - Step Started ••••••••••••••••Scenario Step execution End Time Sat Jul 30 00:58:57 IST 2022
[INFO ][30-Jul-2022 00:58:57 AM] Log.startStep:(16) - Step Started ••••••••••••••••Scenario Step execution Start Time Sat Jul 30 00:58:57 IST 2022
Function user_clicks_on_the_login_button
  And user clicks on the login button                                         # StepDefination.LoginSteps.user_clicks_on_the_login_button()
[INFO ][30-Jul-2022 00:58:57 AM] Log.endStep:(24) - Step Started ••••••••••••••••Scenario Step execution End Time Sat Jul 30 00:58:57 IST 2022
[INFO ][30-Jul-2022 00:58:57 AM] Log.startStep:(16) - Step Started ••••••••••••••••Scenario Step execution Start Time Sat Jul 30 00:58:57 IST 2022
Function user_is_navigated_to_home_page
  Then user is navigated to home page                                         # StepDefination.LoginSteps.user_is_navigated_to_home_page()
[INFO ][30-Jul-2022 00:58:57 AM] Log.endStep:(24) - Step Started ••••••••••••••••Scenario Step execution End Time Sat Jul 30 00:58:57 IST 2022
[INFO ][30-Jul-2022 00:58:57 AM] Log.startStep:(16) - Step Started ••••••••••••••••Scenario Step execution Start Time Sat Jul 30 00:58:57 IST 2022
Function user_views_the_content_of_homepage
  And User views the content of homepage                                      # StepDefination.LoginSteps.user_views_the_content_of_homepage()
[INFO ][30-Jul-2022 00:58:57 AM] Log.endStep:(24) - Step Started ••••••••••••••••Scenario Step execution End Time Sat Jul 30 00:58:57 IST 2022
[TRACE][30-Jul-2022 00:58:57 AM] WebSocket08FrameEncoder.encode:(131) - Encoding WebSocket Frame opCode=8 length=26
[INFO ][30-Jul-2022 00:58:57 AM] Log.info:(27) - ****** Quitting the WebDriver Session from StepDefination After Hook *****Driver.Driverfactory
]]></system-out>
    <system-err><![CDATA[Starting ChromeDriver 103.0.5060.134 (8ec6fce403b3feb0869b0732eda8bd95011d333c-refs/branch-heads/5060@{#1262}) on port 53120
Only local connections are allowed.
Please see https://chromedriver.chromium.org/security-considerations for suggestions on keeping ChromeDriver safe.
ChromeDriver was started successfully.
Jul 30, 2022 12:58:56 AM org.openqa.selenium.remote.ProtocolHandshake createSession
INFO: Detected upstream dialect: W3C
Jul 30, 2022 12:58:56 AM org.openqa.selenium.devtools.CdpVersionFinder findNearestMatch
INFO: Found exact CDP implementation for version 103
]]></system-err>
  </testcase>
</testsuite>